C:\Program Files (x86)\Microsoft Visual Studio\2019\Community\MSBuild\Microsoft\VC\v160\Microsoft.CppBuild.targets(491,5): warning MSB8028: The intermediate directory (x64\Debug\) contains files shared from another project (Financial Advisor App.vcxproj).  This can lead to incorrect clean and rebuild behavior.
  FinancialTrackerApp.cpp
  calculations.cpp
C:\Users\Ray Gamer\source\repos\Financial Advisor App\Financial Tracker App\Header Files\calculations.cpp(139,38): warning C4244: '=': conversion from 'int' to 'float', possible loss of data
  fileStoringSystem.cpp
  InitializeAllCategories.cpp
  initializeMinimumNonFixedExpenses.cpp
  input.cpp
  menu.cpp
  output.cpp
  processing.cpp
C:\Users\Ray Gamer\source\repos\Financial Advisor App\Financial Tracker App\Header Files\processing.cpp(267,15): warning C4244: 'argument': conversion from 'time_t' to 'unsigned int', possible loss of data
  imgui-SFML.cpp
  imgui.cpp
  imgui_demo.cpp
  imgui_draw.cpp
  imgui_stdlib.cpp
  imgui_tables.cpp
  imgui_widgets.cpp
  Generating Code...
  Financial Advisor App.vcxproj -> C:\Users\Ray Gamer\source\repos\Financial Advisor App\x64\Debug\Financial Tracker App.exe
