c:\users\ray gamer\source\repos\financial tracker app\financial tracker app\x64\release\vc142.pdb
c:\users\ray gamer\source\repos\financial tracker app\financial tracker app\x64\release\imgui_widgets.obj
c:\users\ray gamer\source\repos\financial tracker app\financial tracker app\x64\release\imgui_tables.obj
c:\users\ray gamer\source\repos\financial tracker app\financial tracker app\x64\release\imgui_stdlib.obj
c:\users\ray gamer\source\repos\financial tracker app\financial tracker app\x64\release\imgui_draw.obj
c:\users\ray gamer\source\repos\financial tracker app\financial tracker app\x64\release\imgui_demo.obj
c:\users\ray gamer\source\repos\financial tracker app\financial tracker app\x64\release\imgui.obj
c:\users\ray gamer\source\repos\financial tracker app\financial tracker app\x64\release\imgui-sfml.obj
c:\users\ray gamer\source\repos\financial tracker app\financial tracker app\x64\release\processing.obj
c:\users\ray gamer\source\repos\financial tracker app\financial tracker app\x64\release\output.obj
c:\users\ray gamer\source\repos\financial tracker app\financial tracker app\x64\release\menu.obj
c:\users\ray gamer\source\repos\financial tracker app\financial tracker app\x64\release\input.obj
c:\users\ray gamer\source\repos\financial tracker app\financial tracker app\x64\release\initializeminimumnonfixedexpenses.obj
c:\users\ray gamer\source\repos\financial tracker app\financial tracker app\x64\release\initializeallcategories.obj
c:\users\ray gamer\source\repos\financial tracker app\financial tracker app\x64\release\filestoringsystem.obj
c:\users\ray gamer\source\repos\financial tracker app\financial tracker app\x64\release\calculations.obj
c:\users\ray gamer\source\repos\financial tracker app\financial tracker app\x64\release\financialtrackerapp.obj
c:\users\ray gamer\source\repos\financial tracker app\financial tracker app\financial tracker app
c:\users\ray gamer\source\repos\financial tracker app\financial tracker app\x64\release\financial tracker app.iobj
c:\users\ray gamer\source\repos\financial tracker app\x64\release\financial tracker app.pdb
c:\users\ray gamer\source\repos\financial tracker app\financial tracker app\x64\release\financial tracker app.ipdb
c:\users\ray gamer\source\repos\financial tracker app\x64\release\financial tracker app.exe
c:\users\ray gamer\source\repos\financial tracker app\financial tracker app\x64\release\financia.ad5a06c5.tlog\cl.command.1.tlog
c:\users\ray gamer\source\repos\financial tracker app\financial tracker app\x64\release\financia.ad5a06c5.tlog\cl.read.1.tlog
c:\users\ray gamer\source\repos\financial tracker app\financial tracker app\x64\release\financia.ad5a06c5.tlog\cl.write.1.tlog
c:\users\ray gamer\source\repos\financial tracker app\financial tracker app\x64\release\financia.ad5a06c5.tlog\link.command.1.tlog
c:\users\ray gamer\source\repos\financial tracker app\financial tracker app\x64\release\financia.ad5a06c5.tlog\link.read.1.tlog
c:\users\ray gamer\source\repos\financial tracker app\financial tracker app\x64\release\financia.ad5a06c5.tlog\link.write.1.tlog
